<?xml version="1.0" encoding="UTF-8"?>
<testsuite name="EndangeredTest" tests="7" skipped="0" failures="0" errors="0" timestamp="2019-05-02T09:24:47" hostname="mark-HP-Laptop-15-bs1xx" time="0.304">
  <properties/>
  <testcase name="getHealth_returnsHealthAttribute_true" classname="EndangeredTest" time="0.007"/>
  <testcase name="all_returnsAllInstancesOfEndangered_true" classname="EndangeredTest" time="0.109"/>
  <testcase name="Endangered_instantiatesCorrectly_true" classname="EndangeredTest" time="0.014"/>
  <testcase name="update_updatesAgeAttribute_true" classname="EndangeredTest" time="0.061"/>
  <testcase name="save_assignsIdAndSavesObjectToDatabase" classname="EndangeredTest" time="0.021"/>
  <testcase name="find_returnsAnimalWithSameId_secondAnimal" classname="EndangeredTest" time="0.035"/>
  <testcase name="update_updatesHealthAttribute_true" classname="EndangeredTest" time="0.054"/>
  <system-out><![CDATA[]]></system-out>
  <system-err><![CDATA[]]></system-err>
</testsuite>
