<?xml version="1.0" encoding="UTF-8"?>
<testsuite name="EndangeredTest" tests="5" skipped="0" failures="0" errors="0" timestamp="2019-05-02T05:25:47" hostname="mark-HP-Laptop-15-bs1xx" time="0.783">
  <properties/>
  <testcase name="all_returnsAllInstancesOfEndangered_true" classname="EndangeredTest" time="0.408"/>
  <testcase name="update_updatesAgeAttribute_true" classname="EndangeredTest" time="0.055"/>
  <testcase name="save_assignsIdAndSavesObjectToDatabase" classname="EndangeredTest" time="0.222"/>
  <testcase name="find_returnsAnimalWithSameId_secondAnimal" classname="EndangeredTest" time="0.054"/>
  <testcase name="update_updatesHealthAttribute_true" classname="EndangeredTest" time="0.044"/>
  <system-out><![CDATA[]]></system-out>
  <system-err><![CDATA[]]></system-err>
</testsuite>
